Start testing: May 14 03:04 MSK
----------------------------------------------------------
3/3 Testing: parser_test
3/3 Test: parser_test
Command: "/home/vitalii/Documents/Programming/cpp/Game_club/cmake-build-debug/test/parser_test"
Directory: /home/vitalii/Documents/Programming/cpp/Game_club/cmake-build-debug/test
"parser_test" start time: May 14 03:04 MSK
Output:
----------------------------------------------------------
Running main() from /home/vitalii/Documents/tmp/googletest/googletest/src/gtest_main.cc
[==========] Running 2 tests from 1 test suite.
[----------] Global test environment set-up.
[----------] 2 tests from ParserFileTest
[ RUN      ] ParserFileTest.CorrectData
[       OK ] ParserFileTest.CorrectData (24 ms)
[ RUN      ] ParserFileTest.WrongData
[       OK ] ParserFileTest.WrongData (24 ms)
[----------] 2 tests from ParserFileTest (49 ms total)

[----------] Global test environment tear-down
[==========] 2 tests from 1 test suite ran. (49 ms total)
[  PASSED  ] 2 tests.
<end of output>
Test time =   0.05 sec
----------------------------------------------------------
Test Passed.
"parser_test" end time: May 14 03:04 MSK
"parser_test" time elapsed: 00:00:00
----------------------------------------------------------

End testing: May 14 03:04 MSK
